2013/05/28 00:25:21 [error] [php] date() [<a href='function.date'>function.date</a>]: It is not safe to rely on the system's timezone settings. You are *required* to use the date.timezone setting or the date_default_timezone_set() function. In case you used any of those methods and you are still getting this warning, you most likely misspelled the timezone identifier. We selected 'Europe/Berlin' for 'CEST/2.0/DST' instead (/Users/dst/dev/projects/php-cirujanos/protected/views/layouts/main.php:51)
Stack trace:
#0 /Users/dst/dev/php/yii-1.1.13/framework/web/CBaseController.php(95): SiteController->renderInternal()
#1 /Users/dst/dev/php/yii-1.1.13/framework/web/widgets/CContentDecorator.php(76): SiteController->renderFile()
#2 /Users/dst/dev/php/yii-1.1.13/framework/web/widgets/CContentDecorator.php(54): CContentDecorator->decorate()
#3 /Users/dst/dev/php/yii-1.1.13/framework/web/widgets/COutputProcessor.php(44): CContentDecorator->processOutput()
#4 /Users/dst/dev/php/yii-1.1.13/framework/web/CBaseController.php(206): CContentDecorator->run()
#5 /Users/dst/dev/php/yii-1.1.13/framework/web/CBaseController.php(300): SiteController->endWidget()
#6 /Users/dst/dev/projects/php-cirujanos/protected/views/layouts/column1.php(6): SiteController->endContent()
#7 /Users/dst/dev/php/yii-1.1.13/framework/web/CBaseController.php(126): require()
#8 /Users/dst/dev/php/yii-1.1.13/framework/web/CBaseController.php(95): SiteController->renderInternal()
#9 /Users/dst/dev/php/yii-1.1.13/framework/web/CController.php(784): SiteController->renderFile()
#10 /Users/dst/dev/projects/php-cirujanos/protected/controllers/SiteController.php(32): SiteController->render()
#11 /Users/dst/dev/php/yii-1.1.13/framework/web/actions/CInlineAction.php(49): SiteController->actionIndex()
#12 /Users/dst/dev/php/yii-1.1.13/framework/web/CController.php(308): CInlineAction->runWithParams()
#13 /Users/dst/dev/php/yii-1.1.13/framework/web/CController.php(286): SiteController->runAction()
#14 /Users/dst/dev/php/yii-1.1.13/framework/web/CController.php(265): SiteController->runActionWithFilters()
#15 /Users/dst/dev/php/yii-1.1.13/framework/web/CWebApplication.php(282): SiteController->run()
#16 /Users/dst/dev/php/yii-1.1.13/framework/web/CWebApplication.php(141): CWebApplication->runController()
#17 /Users/dst/dev/php/yii-1.1.13/framework/base/CApplication.php(169): CWebApplication->processRequest()
#18 /Users/dst/dev/projects/php-cirujanos/index.php(13): CWebApplication->run()
REQUEST_URI=/
in /Users/dst/dev/projects/php-cirujanos/protected/views/layouts/main.php (51)
in /Users/dst/dev/projects/php-cirujanos/protected/views/layouts/column1.php (6)
in /Users/dst/dev/projects/php-cirujanos/protected/controllers/SiteController.php (32)
2013/05/28 00:27:33 [error] [php] date() [<a href='function.date'>function.date</a>]: It is not safe to rely on the system's timezone settings. You are *required* to use the date.timezone setting or the date_default_timezone_set() function. In case you used any of those methods and you are still getting this warning, you most likely misspelled the timezone identifier. We selected 'Europe/Berlin' for 'CEST/2.0/DST' instead (/Users/dst/dev/projects/php-cirujanos/protected/views/layouts/main.php:51)
Stack trace:
#0 /Users/dst/dev/php/yii-1.1.13/framework/web/CBaseController.php(95): SiteController->renderInternal()
#1 /Users/dst/dev/php/yii-1.1.13/framework/web/widgets/CContentDecorator.php(76): SiteController->renderFile()
#2 /Users/dst/dev/php/yii-1.1.13/framework/web/widgets/CContentDecorator.php(54): CContentDecorator->decorate()
#3 /Users/dst/dev/php/yii-1.1.13/framework/web/widgets/COutputProcessor.php(44): CContentDecorator->processOutput()
#4 /Users/dst/dev/php/yii-1.1.13/framework/web/CBaseController.php(206): CContentDecorator->run()
#5 /Users/dst/dev/php/yii-1.1.13/framework/web/CBaseController.php(300): SiteController->endWidget()
#6 /Users/dst/dev/projects/php-cirujanos/protected/views/layouts/column1.php(6): SiteController->endContent()
#7 /Users/dst/dev/php/yii-1.1.13/framework/web/CBaseController.php(126): require()
#8 /Users/dst/dev/php/yii-1.1.13/framework/web/CBaseController.php(95): SiteController->renderInternal()
#9 /Users/dst/dev/php/yii-1.1.13/framework/web/CController.php(784): SiteController->renderFile()
#10 /Users/dst/dev/projects/php-cirujanos/protected/controllers/SiteController.php(32): SiteController->render()
#11 /Users/dst/dev/php/yii-1.1.13/framework/web/actions/CInlineAction.php(49): SiteController->actionIndex()
#12 /Users/dst/dev/php/yii-1.1.13/framework/web/CController.php(308): CInlineAction->runWithParams()
#13 /Users/dst/dev/php/yii-1.1.13/framework/web/CController.php(286): SiteController->runAction()
#14 /Users/dst/dev/php/yii-1.1.13/framework/web/CController.php(265): SiteController->runActionWithFilters()
#15 /Users/dst/dev/php/yii-1.1.13/framework/web/CWebApplication.php(282): SiteController->run()
#16 /Users/dst/dev/php/yii-1.1.13/framework/web/CWebApplication.php(141): CWebApplication->runController()
#17 /Users/dst/dev/php/yii-1.1.13/framework/base/CApplication.php(169): CWebApplication->processRequest()
#18 /Users/dst/dev/projects/php-cirujanos/index.php(13): CWebApplication->run()
REQUEST_URI=/index.php
in /Users/dst/dev/projects/php-cirujanos/protected/views/layouts/main.php (51)
in /Users/dst/dev/projects/php-cirujanos/protected/views/layouts/column1.php (6)
in /Users/dst/dev/projects/php-cirujanos/protected/controllers/SiteController.php (32)
2013/05/28 00:27:38 [error] [php] date() [<a href='function.date'>function.date</a>]: It is not safe to rely on the system's timezone settings. You are *required* to use the date.timezone setting or the date_default_timezone_set() function. In case you used any of those methods and you are still getting this warning, you most likely misspelled the timezone identifier. We selected 'Europe/Berlin' for 'CEST/2.0/DST' instead (/Users/dst/dev/projects/php-cirujanos/protected/views/layouts/main.php:51)
Stack trace:
#0 /Users/dst/dev/php/yii-1.1.13/framework/web/CBaseController.php(95): SiteController->renderInternal()
#1 /Users/dst/dev/php/yii-1.1.13/framework/web/widgets/CContentDecorator.php(76): SiteController->renderFile()
#2 /Users/dst/dev/php/yii-1.1.13/framework/web/widgets/CContentDecorator.php(54): CContentDecorator->decorate()
#3 /Users/dst/dev/php/yii-1.1.13/framework/web/widgets/COutputProcessor.php(44): CContentDecorator->processOutput()
#4 /Users/dst/dev/php/yii-1.1.13/framework/web/CBaseController.php(206): CContentDecorator->run()
#5 /Users/dst/dev/php/yii-1.1.13/framework/web/CBaseController.php(300): SiteController->endWidget()
#6 /Users/dst/dev/projects/php-cirujanos/protected/views/layouts/column1.php(6): SiteController->endContent()
#7 /Users/dst/dev/php/yii-1.1.13/framework/web/CBaseController.php(126): require()
#8 /Users/dst/dev/php/yii-1.1.13/framework/web/CBaseController.php(95): SiteController->renderInternal()
#9 /Users/dst/dev/php/yii-1.1.13/framework/web/CController.php(784): SiteController->renderFile()
#10 /Users/dst/dev/projects/php-cirujanos/protected/controllers/SiteController.php(32): SiteController->render()
#11 /Users/dst/dev/php/yii-1.1.13/framework/web/actions/CInlineAction.php(49): SiteController->actionIndex()
#12 /Users/dst/dev/php/yii-1.1.13/framework/web/CController.php(308): CInlineAction->runWithParams()
#13 /Users/dst/dev/php/yii-1.1.13/framework/web/CController.php(286): SiteController->runAction()
#14 /Users/dst/dev/php/yii-1.1.13/framework/web/CController.php(265): SiteController->runActionWithFilters()
#15 /Users/dst/dev/php/yii-1.1.13/framework/web/CWebApplication.php(282): SiteController->run()
#16 /Users/dst/dev/php/yii-1.1.13/framework/web/CWebApplication.php(141): CWebApplication->runController()
#17 /Users/dst/dev/php/yii-1.1.13/framework/base/CApplication.php(169): CWebApplication->processRequest()
#18 /Users/dst/dev/projects/php-cirujanos/index.php(13): CWebApplication->run()
REQUEST_URI=/index.php
in /Users/dst/dev/projects/php-cirujanos/protected/views/layouts/main.php (51)
in /Users/dst/dev/projects/php-cirujanos/protected/views/layouts/column1.php (6)
in /Users/dst/dev/projects/php-cirujanos/protected/controllers/SiteController.php (32)
